<?xml version="1.0" encoding="UTF-8"?>
<testng-results ignored="0" total="2" passed="2" failed="0" skipped="0">
  <reporter-output>
  </reporter-output>
  <suite started-at="2026-02-22T17:09:17 IST" name="Default suite" finished-at="2026-02-22T17:09:32 IST" duration-ms="14591">
    <groups>
    </groups>
    <test started-at="2026-02-22T17:09:17 IST" name="Default test" finished-at="2026-02-22T17:09:32 IST" duration-ms="14591">
      <class name="feb21.ValidateLogin">
        <test-method is-config="true" signature="setUpReport()[pri:0, instance:feb21.ValidateLogin@3eb738bb]" started-at="2026-02-22T17:09:16 IST" name="setUpReport" finished-at="2026-02-22T17:09:17 IST" duration-ms="591" status="PASS">
          <reporter-output>
          </reporter-output>
        </test-method> <!-- setUpReport -->
        <test-method is-config="true" signature="setupBrowser(org.testng.ITestResult)[pri:0, instance:feb21.ValidateLogin@3eb738bb]" started-at="2026-02-22T17:09:17 IST" name="setupBrowser" finished-at="2026-02-22T17:09:21 IST" duration-ms="3999" status="PASS">
          <params>
            <param index="0">
              <value>
                <![CDATA[[TestResult name={null} status=CREATED method=ValidateLogin.ValidTest()[pri:0, instance:feb21.ValidateLogin@3eb738bb] output={null}]]]>
              </value>
            </param>
          </params>
          <reporter-output>
          </reporter-output>
        </test-method> <!-- setupBrowser -->
        <test-method signature="ValidTest()[pri:0, instance:feb21.ValidateLogin@3eb738bb]" started-at="2026-02-22T17:09:21 IST" name="ValidTest" finished-at="2026-02-22T17:09:26 IST" duration-ms="4904" status="PASS">
          <reporter-output>
          </reporter-output>
        </test-method> <!-- ValidTest -->
        <test-method is-config="true" signature="tearDown(org.testng.ITestResult)[pri:0, instance:feb21.ValidateLogin@3eb738bb]" started-at="2026-02-22T17:09:26 IST" name="tearDown" finished-at="2026-02-22T17:09:26 IST" duration-ms="311" status="PASS">
          <params>
            <param index="0">
              <value>
                <![CDATA[[TestResult name=ValidTest status=SUCCESS method=ValidateLogin.ValidTest()[pri:0, instance:feb21.ValidateLogin@3eb738bb] output={null}]]]>
              </value>
            </param>
          </params>
          <reporter-output>
          </reporter-output>
        </test-method> <!-- tearDown -->
        <test-method is-config="true" signature="setupBrowser(org.testng.ITestResult)[pri:0, instance:feb21.ValidateLogin@3eb738bb]" started-at="2026-02-22T17:09:26 IST" name="setupBrowser" finished-at="2026-02-22T17:09:28 IST" duration-ms="1764" status="PASS">
          <params>
            <param index="0">
              <value>
                <![CDATA[[TestResult name={null} status=CREATED method=ValidateLogin.InvalidTest()[pri:1, instance:feb21.ValidateLogin@3eb738bb] output={null}]]]>
              </value>
            </param>
          </params>
          <reporter-output>
          </reporter-output>
        </test-method> <!-- setupBrowser -->
        <test-method signature="InvalidTest()[pri:1, instance:feb21.ValidateLogin@3eb738bb]" started-at="2026-02-22T17:09:28 IST" name="InvalidTest" finished-at="2026-02-22T17:09:31 IST" duration-ms="3233" status="PASS">
          <reporter-output>
          </reporter-output>
        </test-method> <!-- InvalidTest -->
        <test-method is-config="true" signature="tearDown(org.testng.ITestResult)[pri:0, instance:feb21.ValidateLogin@3eb738bb]" started-at="2026-02-22T17:09:31 IST" name="tearDown" finished-at="2026-02-22T17:09:32 IST" duration-ms="282" status="PASS">
          <params>
            <param index="0">
              <value>
                <![CDATA[[TestResult name=InvalidTest status=SUCCESS method=ValidateLogin.InvalidTest()[pri:1, instance:feb21.ValidateLogin@3eb738bb] output={null}]]]>
              </value>
            </param>
          </params>
          <reporter-output>
          </reporter-output>
        </test-method> <!-- tearDown -->
        <test-method is-config="true" signature="flushReport()[pri:0, instance:feb21.ValidateLogin@3eb738bb]" started-at="2026-02-22T17:09:32 IST" name="flushReport" finished-at="2026-02-22T17:09:32 IST" duration-ms="717" status="PASS">
          <reporter-output>
          </reporter-output>
        </test-method> <!-- flushReport -->
      </class> <!-- feb21.ValidateLogin -->
    </test> <!-- Default test -->
  </suite> <!-- Default suite -->
</testng-results>
