<?xml version="1.0" encoding="UTF-8"?>
<testng-results ignored="0" total="1" passed="1" failed="0" skipped="0">
  <reporter-output>
  </reporter-output>
  <suite started-at="2026-02-19T21:00:14 IST" name="Default suite" finished-at="2026-02-19T21:00:36 IST" duration-ms="21989">
    <groups>
    </groups>
    <test started-at="2026-02-19T21:00:14 IST" name="Default test" finished-at="2026-02-19T21:00:36 IST" duration-ms="21989">
      <class name="Feb18.Register">
        <test-method signature="register_test()[pri:0, instance:Feb18.Register@689604d9]" started-at="2026-02-19T21:00:14 IST" name="register_test" finished-at="2026-02-19T21:00:36 IST" duration-ms="21839" status="PASS">
          <reporter-output>
          </reporter-output>
        </test-method> <!-- register_test -->
      </class> <!-- Feb18.Register -->
    </test> <!-- Default test -->
  </suite> <!-- Default suite -->
</testng-results>
