<?xml version="1.0" encoding="UTF-8"?>
<!-- Generated by org.testng.reporters.JUnitReportReporter -->
<testsuite hostname="DESKTOP" failures="0" tests="3" name="feb18.LoginTest" time="20.403" errors="0" timestamp="2026-02-22T17:08:22 IST" skipped="0">
  <testcase classname="feb18.LoginTest" name="VerifyTitle1" time="9.493"/>
  <testcase classname="feb18.LoginTest" name="verifyLogin" time="5.606"/>
  <testcase classname="feb18.LoginTest" name="VerifyTitle" time="5.304"/>
</testsuite> <!-- feb18.LoginTest -->
